08-07 18:48 sbRpcServer  INFO     Listening on port 54321
08-07 18:48 sbRpcServer  INFO     Kill: True	Restart: True
08-07 18:48 sbRpcServer  INFO     Added script script_calculate.py [Activity Calculate]
08-07 18:48 sbRpcServer  INFO     Added script script_terminal.py [Activity Terminal]
08-07 18:55 sbRpcServer  INFO     Listening on port 54321
08-07 18:55 sbRpcServer  INFO     Kill: True	Restart: True
08-07 18:55 sbRpcServer  INFO     Added script script_calculate.py [Activity Calculate]
08-07 18:55 sbRpcServer  INFO     Added script script_calculate.pyc [Activity Calculate]
08-07 18:55 sbRpcServer  INFO     Added script script_terminal.py [Activity Terminal]
08-07 18:55 sbRpcServer  INFO     Added script script_terminal.pyc [Activity Terminal]
08-08 11:29 sbRpcServer  INFO     Listening on port 54321
08-08 11:29 sbRpcServer  INFO     Kill: True	Restart: True
08-08 11:29 sbRpcServer  INFO     Added script script_calculate.py [Activity Calculate]
08-08 11:29 0            INFO     Starting script_calculate.py
08-08 11:38 sbRpcServer  INFO     Listening on port 54321
08-08 11:38 sbRpcServer  INFO     Kill: True	Restart: True
08-08 11:38 sbRpcServer  INFO     Added script script_calculate.py [Activity Calculate]
08-08 11:38 0            INFO     Starting script_calculate.py
08-08 11:39 0            INFO     Starting script_calculate.py
08-08 11:40 0            INFO     Starting script_calculate.py
08-08 11:40 0            INFO     Starting script_calculate.py
08-08 11:42 0            INFO     Starting script_calculate.py
08-08 11:43 0            INFO     Getting Script: script_calculate.py
08-08 11:43 0            ERROR    Execution failed:
Traceback (most recent call last):
  File "/home/tim/Activities/sugarbot.activity/sbexecutionengine.py", line 86, in executePy
    sugarbot_main(self.widgets)
  File "Sugarbot Script: 'script_calculate.py'", line 8, in sugarbot_main
  File "/home/tim/Activities/sugarbot.activity/sbpython.py", line 548, in __getitem__
    raise WidgetDoesNotExist, which
WidgetDoesNotExist: 'The widget Share with: could not be identified.'

08-14 11:23 sbRpcServer  INFO     Listening on port 54321
08-14 11:23 sbRpcServer  INFO     Kill: True	Restart: True
08-14 11:23 sbRpcServer  INFO     Added script script_calculate.py [Activity Calculate]
08-14 11:24 0            INFO     Starting script_calculate.py
08-14 11:24 0            INFO     Getting Script: script_calculate.py
08-14 11:24 0            ERROR    Execution failed:
Traceback (most recent call last):
  File "/home/tim/Activities/sugarbot.activity/sbexecutionengine.py", line 86, in executePy
    sugarbot_main(self.widgets)
  File "Sugarbot Script: 'script_calculate.py'", line 8, in sugarbot_main
  File "/home/tim/Activities/sugarbot.activity/sbpython.py", line 548, in __getitem__
    raise WidgetDoesNotExist, which
WidgetDoesNotExist: 'The widget Share with: could not be identified.'

